{
	"C:\\Users\\User\\frontend\\react-burger-project\\src\\app\\types.ts": {
		"path": "C:\\Users\\User\\frontend\\react-burger-project\\src\\app\\types.ts",
		"statementMap": {
			"0": {
				"start": { "line": 33, "column": 41 },
				"end": { "line": 37, "column": 1 }
			},
			"1": {
				"start": { "line": 36, "column": 1 },
				"end": { "line": 36, "column": 73 }
			},
			"2": {
				"start": { "line": 39, "column": 32 },
				"end": { "line": 41, "column": 1 }
			},
			"3": {
				"start": { "line": 40, "column": 1 },
				"end": { "line": 40, "column": 74 }
			},
			"4": {
				"start": { "line": 135, "column": 29 },
				"end": { "line": 137, "column": 1 }
			},
			"5": {
				"start": { "line": 136, "column": 1 },
				"end": { "line": 136, "column": 73 }
			}
		},
		"fnMap": {
			"0": {
				"name": "(anonymous_0)",
				"decl": {
					"start": { "line": 33, "column": 41 },
					"end": { "line": 33, "column": 42 }
				},
				"loc": {
					"start": { "line": 35, "column": 35 },
					"end": { "line": 37, "column": 1 }
				},
				"line": 35
			},
			"1": {
				"name": "(anonymous_1)",
				"decl": {
					"start": { "line": 39, "column": 32 },
					"end": { "line": 39, "column": 33 }
				},
				"loc": {
					"start": { "line": 39, "column": 78 },
					"end": { "line": 41, "column": 1 }
				},
				"line": 39
			},
			"2": {
				"name": "(anonymous_2)",
				"decl": {
					"start": { "line": 135, "column": 29 },
					"end": { "line": 135, "column": 30 }
				},
				"loc": {
					"start": { "line": 135, "column": 73 },
					"end": { "line": 137, "column": 1 }
				},
				"line": 135
			}
		},
		"branchMap": {
			"0": {
				"loc": {
					"start": { "line": 36, "column": 8 },
					"end": { "line": 36, "column": 72 }
				},
				"type": "binary-expr",
				"locations": [
					{
						"start": { "line": 36, "column": 8 },
						"end": { "line": 36, "column": 33 }
					},
					{
						"start": { "line": 36, "column": 37 },
						"end": { "line": 36, "column": 51 }
					},
					{
						"start": { "line": 36, "column": 55 },
						"end": { "line": 36, "column": 72 }
					}
				],
				"line": 36
			},
			"1": {
				"loc": {
					"start": { "line": 40, "column": 8 },
					"end": { "line": 40, "column": 73 }
				},
				"type": "binary-expr",
				"locations": [
					{
						"start": { "line": 40, "column": 8 },
						"end": { "line": 40, "column": 33 }
					},
					{
						"start": { "line": 40, "column": 37 },
						"end": { "line": 40, "column": 51 }
					},
					{
						"start": { "line": 40, "column": 55 },
						"end": { "line": 40, "column": 73 }
					}
				],
				"line": 40
			},
			"2": {
				"loc": {
					"start": { "line": 136, "column": 8 },
					"end": { "line": 136, "column": 72 }
				},
				"type": "binary-expr",
				"locations": [
					{
						"start": { "line": 136, "column": 8 },
						"end": { "line": 136, "column": 21 }
					},
					{
						"start": { "line": 136, "column": 25 },
						"end": { "line": 136, "column": 72 }
					}
				],
				"line": 136
			}
		},
		"s": { "0": 1, "1": 0, "2": 1, "3": 0, "4": 1, "5": 0 },
		"f": { "0": 0, "1": 0, "2": 0 },
		"b": { "0": [0, 0, 0], "1": [0, 0, 0], "2": [0, 0] },
		"_coverageSchema": "1a1c01bbd47fc00a2c39e90264f33305004495a9",
		"hash": "7abe8a3d70c15d63e37a4fab1aaa2b3b3700f314"
	},
	"C:\\Users\\User\\frontend\\react-burger-project\\src\\app\\components\\conunter\\counter.tsx": {
		"path": "C:\\Users\\User\\frontend\\react-burger-project\\src\\app\\components\\conunter\\counter.tsx",
		"statementMap": {
			"0": {
				"start": { "line": 3, "column": 23 },
				"end": { "line": 20, "column": 1 }
			},
			"1": {
				"start": { "line": 4, "column": 25 },
				"end": { "line": 4, "column": 36 }
			},
			"2": {
				"start": { "line": 6, "column": 19 },
				"end": { "line": 6, "column": 47 }
			},
			"3": {
				"start": { "line": 6, "column": 25 },
				"end": { "line": 6, "column": 47 }
			},
			"4": {
				"start": { "line": 7, "column": 19 },
				"end": { "line": 7, "column": 47 }
			},
			"5": {
				"start": { "line": 7, "column": 25 },
				"end": { "line": 7, "column": 47 }
			},
			"6": {
				"start": { "line": 9, "column": 1 },
				"end": { "line": 19, "column": 3 }
			}
		},
		"fnMap": {
			"0": {
				"name": "(anonymous_0)",
				"decl": {
					"start": { "line": 3, "column": 23 },
					"end": { "line": 3, "column": 24 }
				},
				"loc": {
					"start": { "line": 3, "column": 29 },
					"end": { "line": 20, "column": 1 }
				},
				"line": 3
			},
			"1": {
				"name": "(anonymous_1)",
				"decl": {
					"start": { "line": 6, "column": 19 },
					"end": { "line": 6, "column": 20 }
				},
				"loc": {
					"start": { "line": 6, "column": 25 },
					"end": { "line": 6, "column": 47 }
				},
				"line": 6
			},
			"2": {
				"name": "(anonymous_2)",
				"decl": {
					"start": { "line": 7, "column": 19 },
					"end": { "line": 7, "column": 20 }
				},
				"loc": {
					"start": { "line": 7, "column": 25 },
					"end": { "line": 7, "column": 47 }
				},
				"line": 7
			}
		},
		"branchMap": {},
		"s": { "0": 1, "1": 4, "2": 4, "3": 1, "4": 4, "5": 1, "6": 4 },
		"f": { "0": 4, "1": 1, "2": 1 },
		"b": {},
		"_coverageSchema": "1a1c01bbd47fc00a2c39e90264f33305004495a9",
		"hash": "56ffa4b79cf60e9b2a5b7a94e19f83ae1dae483f"
	},
	"C:\\Users\\User\\frontend\\react-burger-project\\src\\app\\components\\link\\link.tsx": {
		"path": "C:\\Users\\User\\frontend\\react-burger-project\\src\\app\\components\\link\\link.tsx",
		"statementMap": {
			"0": {
				"start": { "line": 2, "column": 21 },
				"end": { "line": 4, "column": 2 }
			},
			"1": {
				"start": { "line": 3, "column": 2 },
				"end": { "line": 3, "column": 27 }
			},
			"2": {
				"start": { "line": 5, "column": 1 },
				"end": { "line": 9, "column": 3 }
			}
		},
		"fnMap": {
			"0": {
				"name": "Link",
				"decl": {
					"start": { "line": 1, "column": 24 },
					"end": { "line": 1, "column": 28 }
				},
				"loc": {
					"start": { "line": 1, "column": 77 },
					"end": { "line": 10, "column": 1 }
				},
				"line": 1
			},
			"1": {
				"name": "(anonymous_1)",
				"decl": {
					"start": { "line": 2, "column": 21 },
					"end": { "line": 2, "column": 22 }
				},
				"loc": {
					"start": { "line": 2, "column": 27 },
					"end": { "line": 4, "column": 2 }
				},
				"line": 2
			}
		},
		"branchMap": {},
		"s": { "0": 2, "1": 1, "2": 2 },
		"f": { "0": 2, "1": 1 },
		"b": {},
		"_coverageSchema": "1a1c01bbd47fc00a2c39e90264f33305004495a9",
		"hash": "41357b9da0fdea3c7da227bf1b65eec3d8e9e34a"
	},
	"C:\\Users\\User\\frontend\\react-burger-project\\src\\app\\services\\utils.ts": {
		"path": "C:\\Users\\User\\frontend\\react-burger-project\\src\\app\\services\\utils.ts",
		"statementMap": {
			"0": {
				"start": { "line": 8, "column": 31 },
				"end": { "line": 11, "column": 1 }
			},
			"1": {
				"start": { "line": 9, "column": 1 },
				"end": { "line": 9, "column": 57 }
			},
			"2": {
				"start": { "line": 9, "column": 32 },
				"end": { "line": 9, "column": 57 }
			},
			"3": {
				"start": { "line": 10, "column": 1 },
				"end": { "line": 10, "column": 13 }
			},
			"4": {
				"start": { "line": 14, "column": 17 },
				"end": { "line": 20, "column": 2 }
			},
			"5": {
				"start": { "line": 21, "column": 1 },
				"end": { "line": 21, "column": 61 }
			},
			"6": {
				"start": { "line": 27, "column": 17 },
				"end": { "line": 27, "column": 18 }
			},
			"7": {
				"start": { "line": 28, "column": 15 },
				"end": { "line": 30, "column": 2 }
			},
			"8": {
				"start": { "line": 29, "column": 40 },
				"end": { "line": 29, "column": 74 }
			},
			"9": {
				"start": { "line": 31, "column": 1 },
				"end": { "line": 36, "column": 3 }
			},
			"10": {
				"start": { "line": 32, "column": 2 },
				"end": { "line": 34, "column": 5 }
			},
			"11": {
				"start": { "line": 33, "column": 3 },
				"end": { "line": 33, "column": 26 }
			},
			"12": {
				"start": { "line": 35, "column": 2 },
				"end": { "line": 35, "column": 19 }
			},
			"13": {
				"start": { "line": 42, "column": 1 },
				"end": { "line": 42, "column": 56 }
			},
			"14": {
				"start": { "line": 42, "column": 43 },
				"end": { "line": 42, "column": 53 }
			},
			"15": {
				"start": { "line": 48, "column": 1 },
				"end": { "line": 54, "column": 3 }
			},
			"16": {
				"start": { "line": 50, "column": 3 },
				"end": { "line": 52, "column": 46 }
			},
			"17": {
				"start": { "line": 58, "column": 1 },
				"end": { "line": 62, "column": 16 }
			},
			"18": {
				"start": { "line": 66, "column": 1 },
				"end": { "line": 66, "column": 20 }
			},
			"19": {
				"start": { "line": 67, "column": 1 },
				"end": { "line": 69, "column": 2 }
			},
			"20": {
				"start": { "line": 68, "column": 2 },
				"end": { "line": 68, "column": 48 }
			},
			"21": {
				"start": { "line": 71, "column": 1 },
				"end": { "line": 72, "column": 54 }
			},
			"22": {
				"start": { "line": 72, "column": 2 },
				"end": { "line": 72, "column": 54 }
			},
			"23": {
				"start": { "line": 73, "column": 1 },
				"end": { "line": 73, "column": 29 }
			}
		},
		"fnMap": {
			"0": {
				"name": "(anonymous_0)",
				"decl": {
					"start": { "line": 8, "column": 31 },
					"end": { "line": 8, "column": 32 }
				},
				"loc": {
					"start": { "line": 8, "column": 63 },
					"end": { "line": 11, "column": 1 }
				},
				"line": 8
			},
			"1": {
				"name": "getCookie",
				"decl": {
					"start": { "line": 13, "column": 16 },
					"end": { "line": 13, "column": 25 }
				},
				"loc": {
					"start": { "line": 13, "column": 60 },
					"end": { "line": 22, "column": 1 }
				},
				"line": 13
			},
			"2": {
				"name": "takeIngredientsAndReturnPrice",
				"decl": {
					"start": { "line": 24, "column": 16 },
					"end": { "line": 24, "column": 45 }
				},
				"loc": {
					"start": { "line": 26, "column": 30 },
					"end": { "line": 37, "column": 1 }
				},
				"line": 26
			},
			"3": {
				"name": "(anonymous_3)",
				"decl": {
					"start": { "line": 29, "column": 24 },
					"end": { "line": 29, "column": 25 }
				},
				"loc": {
					"start": { "line": 29, "column": 40 },
					"end": { "line": 29, "column": 74 }
				},
				"line": 29
			},
			"4": {
				"name": "(anonymous_4)",
				"decl": {
					"start": { "line": 31, "column": 8 },
					"end": { "line": 31, "column": 9 }
				},
				"loc": {
					"start": { "line": 31, "column": 35 },
					"end": { "line": 36, "column": 2 }
				},
				"line": 31
			},
			"5": {
				"name": "(anonymous_5)",
				"decl": {
					"start": { "line": 32, "column": 12 },
					"end": { "line": 32, "column": 13 }
				},
				"loc": {
					"start": { "line": 32, "column": 20 },
					"end": { "line": 34, "column": 3 }
				},
				"line": 32
			},
			"6": {
				"name": "fromArrayToObject",
				"decl": {
					"start": { "line": 39, "column": 16 },
					"end": { "line": 39, "column": 33 }
				},
				"loc": {
					"start": { "line": 41, "column": 24 },
					"end": { "line": 43, "column": 1 }
				},
				"line": 41
			},
			"7": {
				"name": "(anonymous_7)",
				"decl": {
					"start": { "line": 42, "column": 36 },
					"end": { "line": 42, "column": 37 }
				},
				"loc": {
					"start": { "line": 42, "column": 43 },
					"end": { "line": 42, "column": 53 }
				},
				"line": 42
			},
			"8": {
				"name": "countSameIngredientInOrder",
				"decl": {
					"start": { "line": 45, "column": 16 },
					"end": { "line": 45, "column": 42 }
				},
				"loc": {
					"start": { "line": 47, "column": 22 },
					"end": { "line": 55, "column": 1 }
				},
				"line": 47
			},
			"9": {
				"name": "(anonymous_9)",
				"decl": {
					"start": { "line": 49, "column": 21 },
					"end": { "line": 49, "column": 22 }
				},
				"loc": {
					"start": { "line": 49, "column": 39 },
					"end": { "line": 53, "column": 3 }
				},
				"line": 49
			},
			"10": {
				"name": "translateStatus",
				"decl": {
					"start": { "line": 57, "column": 16 },
					"end": { "line": 57, "column": 31 }
				},
				"loc": {
					"start": { "line": 57, "column": 56 },
					"end": { "line": 63, "column": 1 }
				},
				"line": 57
			},
			"11": {
				"name": "getMessageError",
				"decl": {
					"start": { "line": 65, "column": 16 },
					"end": { "line": 65, "column": 31 }
				},
				"loc": {
					"start": { "line": 65, "column": 56 },
					"end": { "line": 74, "column": 1 }
				},
				"line": 65
			}
		},
		"branchMap": {
			"0": {
				"loc": {
					"start": { "line": 9, "column": 1 },
					"end": { "line": 9, "column": 57 }
				},
				"type": "if",
				"locations": [
					{
						"start": { "line": 9, "column": 1 },
						"end": { "line": 9, "column": 57 }
					},
					{ "start": {}, "end": {} }
				],
				"line": 9
			},
			"1": {
				"loc": {
					"start": { "line": 21, "column": 8 },
					"end": { "line": 21, "column": 60 }
				},
				"type": "cond-expr",
				"locations": [
					{
						"start": { "line": 21, "column": 18 },
						"end": { "line": 21, "column": 48 }
					},
					{
						"start": { "line": 21, "column": 51 },
						"end": { "line": 21, "column": 60 }
					}
				],
				"line": 21
			},
			"2": {
				"loc": {
					"start": { "line": 25, "column": 1 },
					"end": { "line": 25, "column": 55 }
				},
				"type": "default-arg",
				"locations": [
					{
						"start": { "line": 25, "column": 53 },
						"end": { "line": 25, "column": 55 }
					}
				],
				"line": 25
			},
			"3": {
				"loc": {
					"start": { "line": 40, "column": 1 },
					"end": { "line": 40, "column": 15 }
				},
				"type": "default-arg",
				"locations": [
					{
						"start": { "line": 40, "column": 13 },
						"end": { "line": 40, "column": 15 }
					}
				],
				"line": 40
			},
			"4": {
				"loc": {
					"start": { "line": 46, "column": 1 },
					"end": { "line": 46, "column": 27 }
				},
				"type": "default-arg",
				"locations": [
					{
						"start": { "line": 46, "column": 25 },
						"end": { "line": 46, "column": 27 }
					}
				],
				"line": 46
			},
			"5": {
				"loc": {
					"start": { "line": 50, "column": 10 },
					"end": { "line": 52, "column": 45 }
				},
				"type": "cond-expr",
				"locations": [
					{
						"start": { "line": 51, "column": 6 },
						"end": { "line": 51, "column": 30 }
					},
					{
						"start": { "line": 52, "column": 6 },
						"end": { "line": 52, "column": 45 }
					}
				],
				"line": 50
			},
			"6": {
				"loc": {
					"start": { "line": 58, "column": 8 },
					"end": { "line": 62, "column": 15 }
				},
				"type": "cond-expr",
				"locations": [
					{
						"start": { "line": 59, "column": 4 },
						"end": { "line": 59, "column": 12 }
					},
					{
						"start": { "line": 60, "column": 4 },
						"end": { "line": 62, "column": 15 }
					}
				],
				"line": 58
			},
			"7": {
				"loc": {
					"start": { "line": 60, "column": 4 },
					"end": { "line": 62, "column": 15 }
				},
				"type": "cond-expr",
				"locations": [
					{
						"start": { "line": 61, "column": 4 },
						"end": { "line": 61, "column": 14 }
					},
					{
						"start": { "line": 62, "column": 4 },
						"end": { "line": 62, "column": 15 }
					}
				],
				"line": 60
			},
			"8": {
				"loc": {
					"start": { "line": 67, "column": 1 },
					"end": { "line": 69, "column": 2 }
				},
				"type": "if",
				"locations": [
					{
						"start": { "line": 67, "column": 1 },
						"end": { "line": 69, "column": 2 }
					},
					{ "start": {}, "end": {} }
				],
				"line": 67
			},
			"9": {
				"loc": {
					"start": { "line": 71, "column": 1 },
					"end": { "line": 72, "column": 54 }
				},
				"type": "if",
				"locations": [
					{
						"start": { "line": 71, "column": 1 },
						"end": { "line": 72, "column": 54 }
					},
					{ "start": {}, "end": {} }
				],
				"line": 71
			},
			"10": {
				"loc": {
					"start": { "line": 72, "column": 9 },
					"end": { "line": 72, "column": 53 }
				},
				"type": "binary-expr",
				"locations": [
					{
						"start": { "line": 72, "column": 9 },
						"end": { "line": 72, "column": 22 }
					},
					{
						"start": { "line": 72, "column": 26 },
						"end": { "line": 72, "column": 53 }
					}
				],
				"line": 72
			}
		},
		"s": {
			"0": 1,
			"1": 0,
			"2": 0,
			"3": 0,
			"4": 0,
			"5": 0,
			"6": 0,
			"7": 0,
			"8": 0,
			"9": 0,
			"10": 0,
			"11": 0,
			"12": 0,
			"13": 0,
			"14": 0,
			"15": 1,
			"16": 6,
			"17": 0,
			"18": 0,
			"19": 0,
			"20": 0,
			"21": 0,
			"22": 0,
			"23": 0
		},
		"f": {
			"0": 0,
			"1": 0,
			"2": 0,
			"3": 0,
			"4": 0,
			"5": 0,
			"6": 0,
			"7": 0,
			"8": 1,
			"9": 6,
			"10": 0,
			"11": 0
		},
		"b": {
			"0": [0, 0],
			"1": [0, 0],
			"2": [0],
			"3": [0],
			"4": [0],
			"5": [3, 3],
			"6": [0, 0],
			"7": [0, 0],
			"8": [0, 0],
			"9": [0, 0],
			"10": [0, 0]
		},
		"_coverageSchema": "1a1c01bbd47fc00a2c39e90264f33305004495a9",
		"hash": "848232bf7e4caeed16d949c89a4552e635636a45"
	},
	"C:\\Users\\User\\frontend\\react-burger-project\\src\\app\\services\\slices\\burger-slice.ts": {
		"path": "C:\\Users\\User\\frontend\\react-burger-project\\src\\app\\services\\slices\\burger-slice.ts",
		"statementMap": {
			"0": {
				"start": { "line": 20, "column": 37 },
				"end": { "line": 30, "column": 1 }
			},
			"1": {
				"start": { "line": 32, "column": 27 },
				"end": { "line": 89, "column": 2 }
			},
			"2": {
				"start": { "line": 38, "column": 4 },
				"end": { "line": 46, "column": 5 }
			},
			"3": {
				"start": { "line": 39, "column": 5 },
				"end": { "line": 39, "column": 64 }
			},
			"4": {
				"start": { "line": 40, "column": 5 },
				"end": { "line": 40, "column": 48 }
			},
			"5": {
				"start": { "line": 41, "column": 5 },
				"end": { "line": 41, "column": 50 }
			},
			"6": {
				"start": { "line": 43, "column": 5 },
				"end": { "line": 43, "column": 58 }
			},
			"7": {
				"start": { "line": 44, "column": 5 },
				"end": { "line": 44, "column": 56 }
			},
			"8": {
				"start": { "line": 45, "column": 5 },
				"end": { "line": 45, "column": 46 }
			},
			"9": {
				"start": { "line": 48, "column": 53 },
				"end": { "line": 53, "column": 4 }
			},
			"10": {
				"start": { "line": 59, "column": 3 },
				"end": { "line": 75, "column": 4 }
			},
			"11": {
				"start": { "line": 60, "column": 4 },
				"end": { "line": 62, "column": 6 }
			},
			"12": {
				"start": { "line": 61, "column": 15 },
				"end": { "line": 61, "column": 46 }
			},
			"13": {
				"start": { "line": 63, "column": 4 },
				"end": { "line": 63, "column": 49 }
			},
			"14": {
				"start": { "line": 64, "column": 4 },
				"end": { "line": 64, "column": 28 }
			},
			"15": {
				"start": { "line": 66, "column": 4 },
				"end": { "line": 69, "column": 7 }
			},
			"16": {
				"start": { "line": 68, "column": 16 },
				"end": { "line": 68, "column": 47 }
			},
			"17": {
				"start": { "line": 70, "column": 4 },
				"end": { "line": 70, "column": 45 }
			},
			"18": {
				"start": { "line": 71, "column": 18 },
				"end": { "line": 73, "column": 5 }
			},
			"19": {
				"start": { "line": 72, "column": 15 },
				"end": { "line": 72, "column": 42 }
			},
			"20": {
				"start": { "line": 74, "column": 4 },
				"end": { "line": 74, "column": 47 }
			},
			"21": {
				"start": { "line": 81, "column": 16 },
				"end": { "line": 81, "column": 75 }
			},
			"22": {
				"start": { "line": 82, "column": 3 },
				"end": { "line": 83, "column": 65 }
			},
			"23": {
				"start": { "line": 84, "column": 3 },
				"end": { "line": 84, "column": 71 }
			},
			"24": {
				"start": { "line": 87, "column": 27 },
				"end": { "line": 87, "column": 47 }
			},
			"25": {
				"start": { "line": 91, "column": 27 },
				"end": { "line": 91, "column": 38 }
			},
			"26": {
				"start": { "line": 93, "column": 1 },
				"end": { "line": 93, "column": 20 }
			}
		},
		"fnMap": {
			"0": {
				"name": "(anonymous_0)",
				"decl": {
					"start": { "line": 37, "column": 12 },
					"end": { "line": 37, "column": 13 }
				},
				"loc": {
					"start": { "line": 37, "column": 70 },
					"end": { "line": 47, "column": 4 }
				},
				"line": 37
			},
			"1": {
				"name": "(anonymous_1)",
				"decl": {
					"start": { "line": 48, "column": 12 },
					"end": { "line": 48, "column": 13 }
				},
				"loc": {
					"start": { "line": 48, "column": 53 },
					"end": { "line": 53, "column": 4 }
				},
				"line": 48
			},
			"2": {
				"name": "(anonymous_2)",
				"decl": {
					"start": { "line": 55, "column": 20 },
					"end": { "line": 55, "column": 21 }
				},
				"loc": {
					"start": { "line": 58, "column": 7 },
					"end": { "line": 76, "column": 3 }
				},
				"line": 58
			},
			"3": {
				"name": "(anonymous_3)",
				"decl": {
					"start": { "line": 61, "column": 5 },
					"end": { "line": 61, "column": 6 }
				},
				"loc": {
					"start": { "line": 61, "column": 15 },
					"end": { "line": 61, "column": 46 }
				},
				"line": 61
			},
			"4": {
				"name": "(anonymous_4)",
				"decl": {
					"start": { "line": 68, "column": 6 },
					"end": { "line": 68, "column": 7 }
				},
				"loc": {
					"start": { "line": 68, "column": 16 },
					"end": { "line": 68, "column": 47 }
				},
				"line": 68
			},
			"5": {
				"name": "(anonymous_5)",
				"decl": {
					"start": { "line": 72, "column": 5 },
					"end": { "line": 72, "column": 6 }
				},
				"loc": {
					"start": { "line": 72, "column": 15 },
					"end": { "line": 72, "column": 42 }
				},
				"line": 72
			},
			"6": {
				"name": "(anonymous_6)",
				"decl": {
					"start": { "line": 77, "column": 18 },
					"end": { "line": 77, "column": 19 }
				},
				"loc": {
					"start": { "line": 80, "column": 7 },
					"end": { "line": 85, "column": 3 }
				},
				"line": 80
			},
			"7": {
				"name": "(anonymous_7)",
				"decl": {
					"start": { "line": 87, "column": 15 },
					"end": { "line": 87, "column": 16 }
				},
				"loc": {
					"start": { "line": 87, "column": 27 },
					"end": { "line": 87, "column": 47 }
				},
				"line": 87
			}
		},
		"branchMap": {
			"0": {
				"loc": {
					"start": { "line": 38, "column": 4 },
					"end": { "line": 46, "column": 5 }
				},
				"type": "if",
				"locations": [
					{
						"start": { "line": 38, "column": 4 },
						"end": { "line": 46, "column": 5 }
					},
					{
						"start": { "line": 42, "column": 11 },
						"end": { "line": 46, "column": 5 }
					}
				],
				"line": 38
			},
			"1": {
				"loc": {
					"start": { "line": 51, "column": 10 },
					"end": { "line": 51, "column": 69 }
				},
				"type": "cond-expr",
				"locations": [
					{
						"start": { "line": 51, "column": 44 },
						"end": { "line": 51, "column": 58 }
					},
					{
						"start": { "line": 51, "column": 61 },
						"end": { "line": 51, "column": 69 }
					}
				],
				"line": 51
			},
			"2": {
				"loc": {
					"start": { "line": 59, "column": 3 },
					"end": { "line": 75, "column": 4 }
				},
				"type": "if",
				"locations": [
					{
						"start": { "line": 59, "column": 3 },
						"end": { "line": 75, "column": 4 }
					},
					{
						"start": { "line": 65, "column": 10 },
						"end": { "line": 75, "column": 4 }
					}
				],
				"line": 59
			}
		},
		"s": {
			"0": 1,
			"1": 1,
			"2": 3,
			"3": 1,
			"4": 1,
			"5": 1,
			"6": 2,
			"7": 2,
			"8": 2,
			"9": 3,
			"10": 3,
			"11": 1,
			"12": 2,
			"13": 1,
			"14": 1,
			"15": 2,
			"16": 3,
			"17": 2,
			"18": 2,
			"19": 2,
			"20": 2,
			"21": 1,
			"22": 1,
			"23": 1,
			"24": 1,
			"25": 1,
			"26": 1
		},
		"f": { "0": 3, "1": 3, "2": 3, "3": 2, "4": 3, "5": 2, "6": 1, "7": 1 },
		"b": { "0": [1, 2], "1": [3, 0], "2": [1, 2] },
		"_coverageSchema": "1a1c01bbd47fc00a2c39e90264f33305004495a9",
		"hash": "b2edc593e855fc692e67422298ab6de6b6f47225"
	}
}
