TN:
SF:src\app\types.ts
FN:33,(anonymous_0)
FN:39,(anonymous_1)
FN:135,(anonymous_2)
FNF:3
FNH:0
FNDA:0,(anonymous_0)
FNDA:0,(anonymous_1)
FNDA:0,(anonymous_2)
DA:33,1
DA:36,0
DA:39,1
DA:40,0
DA:135,1
DA:136,0
LF:6
LH:3
BRDA:36,0,0,0
BRDA:36,0,1,0
BRDA:36,0,2,0
BRDA:40,1,0,0
BRDA:40,1,1,0
BRDA:40,1,2,0
BRDA:136,2,0,0
BRDA:136,2,1,0
BRF:8
BRH:0
end_of_record
TN:
SF:src\app\components\conunter\counter.tsx
FN:3,(anonymous_0)
FN:6,(anonymous_1)
FN:7,(anonymous_2)
FNF:3
FNH:3
FNDA:4,(anonymous_0)
FNDA:1,(anonymous_1)
FNDA:1,(anonymous_2)
DA:3,1
DA:4,4
DA:6,4
DA:7,4
DA:9,4
LF:5
LH:5
BRF:0
BRH:0
end_of_record
TN:
SF:src\app\components\link\link.tsx
FN:1,Link
FN:2,(anonymous_1)
FNF:2
FNH:2
FNDA:2,Link
FNDA:1,(anonymous_1)
DA:2,2
DA:3,1
DA:5,2
LF:3
LH:3
BRF:0
BRH:0
end_of_record
TN:
SF:src\app\services\utils.ts
FN:8,(anonymous_0)
FN:13,getCookie
FN:24,takeIngredientsAndReturnPrice
FN:29,(anonymous_3)
FN:31,(anonymous_4)
FN:32,(anonymous_5)
FN:39,fromArrayToObject
FN:42,(anonymous_7)
FN:45,countSameIngredientInOrder
FN:49,(anonymous_9)
FN:57,translateStatus
FN:65,getMessageError
FNF:12
FNH:2
FNDA:0,(anonymous_0)
FNDA:0,getCookie
FNDA:0,takeIngredientsAndReturnPrice
FNDA:0,(anonymous_3)
FNDA:0,(anonymous_4)
FNDA:0,(anonymous_5)
FNDA:0,fromArrayToObject
FNDA:0,(anonymous_7)
FNDA:1,countSameIngredientInOrder
FNDA:6,(anonymous_9)
FNDA:0,translateStatus
FNDA:0,getMessageError
DA:8,1
DA:9,0
DA:10,0
DA:14,0
DA:21,0
DA:27,0
DA:28,0
DA:29,0
DA:31,0
DA:32,0
DA:33,0
DA:35,0
DA:42,0
DA:48,1
DA:50,6
DA:58,0
DA:66,0
DA:67,0
DA:68,0
DA:71,0
DA:72,0
DA:73,0
LF:22
LH:3
BRDA:9,0,0,0
BRDA:9,0,1,0
BRDA:21,1,0,0
BRDA:21,1,1,0
BRDA:25,2,0,0
BRDA:40,3,0,0
BRDA:46,4,0,0
BRDA:50,5,0,3
BRDA:50,5,1,3
BRDA:58,6,0,0
BRDA:58,6,1,0
BRDA:60,7,0,0
BRDA:60,7,1,0
BRDA:67,8,0,0
BRDA:67,8,1,0
BRDA:71,9,0,0
BRDA:71,9,1,0
BRDA:72,10,0,0
BRDA:72,10,1,0
BRF:19
BRH:2
end_of_record
TN:
SF:src\app\services\slices\burger-slice.ts
FN:37,(anonymous_0)
FN:48,(anonymous_1)
FN:55,(anonymous_2)
FN:61,(anonymous_3)
FN:68,(anonymous_4)
FN:72,(anonymous_5)
FN:77,(anonymous_6)
FN:87,(anonymous_7)
FNF:8
FNH:8
FNDA:3,(anonymous_0)
FNDA:3,(anonymous_1)
FNDA:3,(anonymous_2)
FNDA:2,(anonymous_3)
FNDA:3,(anonymous_4)
FNDA:2,(anonymous_5)
FNDA:1,(anonymous_6)
FNDA:1,(anonymous_7)
DA:20,1
DA:32,1
DA:38,3
DA:39,1
DA:40,1
DA:41,1
DA:43,2
DA:44,2
DA:45,2
DA:48,3
DA:59,3
DA:60,1
DA:61,2
DA:63,1
DA:64,1
DA:66,2
DA:68,3
DA:70,2
DA:71,2
DA:72,2
DA:74,2
DA:81,1
DA:82,1
DA:84,1
DA:87,1
DA:91,1
DA:93,1
LF:27
LH:27
BRDA:38,0,0,1
BRDA:38,0,1,2
BRDA:51,1,0,3
BRDA:51,1,1,0
BRDA:59,2,0,1
BRDA:59,2,1,2
BRF:6
BRH:5
end_of_record
